<?xml version="1.0" encoding="UTF-8"?>
<!-- Generated by org.testng.reporters.JUnitReportReporter -->
<testsuite hostname="MSI" failures="0" tests="1" name="com.comcast.crm.testng.test.createcontactTest" time="15.170" errors="0" timestamp="2025-06-17T12:45:55 IST" skipped="0">
  <testcase classname="com.comcast.crm.testng.test.createcontactTest" name="createContactWithAllDetailsTest" time="15.170"/>
  <system-out>
    <![CDATA[[ CON12923 ] AKASH_8217 - Contact Information]]>
  </system-out>
</testsuite> <!-- com.comcast.crm.testng.test.createcontactTest -->
