<?xml version="1.0" encoding="UTF-8"?>
<!-- Generated by org.testng.reporters.JUnitReportReporter -->
<testsuite hostname="MSI" failures="0" tests="1" name="com.comcast.crm.contacttest.create_contect_with_date" time="59.851" errors="0" timestamp="2025-06-17T12:36:55 IST" skipped="0">
  <testcase classname="com.comcast.crm.contacttest.create_contect_with_date" name="createContact" time="59.851"/>
  <system-out>
    <![CDATA[[ CON12916 ] AKASH_7738 - Contact Information]]>
  </system-out>
</testsuite> <!-- com.comcast.crm.contacttest.create_contect_with_date -->
