<?xml version="1.0" encoding="UTF-8"?>
<!-- Generated by org.testng.reporters.JUnitReportReporter -->
<testsuite hostname="MSI" failures="0" tests="1" name="com.comcast.crm.orgtest.create_org_with_type_and_industry" time="12.241" errors="0" timestamp="2025-06-13T14:57:06 IST" skipped="0">
  <testcase classname="com.comcast.crm.orgtest.create_org_with_type_and_industry" name="orgWithTypeAndIndustry" time="12.241"/>
  <system-out>
    <![CDATA[[ ACC21876 ] org_4438 - Organization Information]]>
  </system-out>
</testsuite> <!-- com.comcast.crm.orgtest.create_org_with_type_and_industry -->
