<?xml version="1.0" encoding="UTF-8"?>
<!-- Generated by org.testng.reporters.JUnitReportReporter -->
<testsuite hostname="MSI" failures="0" tests="1" name="com.comcast.crm.orgtest.create_org_with_phonenumber" time="12.429" errors="0" timestamp="2025-06-12T21:48:45 IST" skipped="0">
  <testcase classname="com.comcast.crm.orgtest.create_org_with_phonenumber" name="orgWithPhonenumber" time="12.429"/>
  <system-out/>
</testsuite> <!-- com.comcast.crm.orgtest.create_org_with_phonenumber -->
