<?xml version="1.0" encoding="UTF-8"?>
<!-- Generated by org.testng.reporters.JUnitReportReporter -->
<testsuite hostname="MSI" failures="0" tests="1" name="demotesting.retry" time="0.011" errors="0" timestamp="2025-06-07T12:36:41 IST" skipped="0">
  <testcase classname="demotesting.retry" name="retryexecute" time="0.011"/>
  <system-out/>
</testsuite> <!-- demotesting.retry -->
