<?xml version="1.0" encoding="UTF-8"?>
<!-- Generated by org.testng.reporters.JUnitReportReporter -->
<testsuite hostname="MSI" failures="0" tests="1" name="com.comcast.crm.product.create_vendor" time="11.423" errors="0" timestamp="2025-06-17T10:04:37 IST" skipped="0">
  <testcase classname="com.comcast.crm.product.create_vendor" name="createvendor" time="11.423"/>
  <system-out/>
</testsuite> <!-- com.comcast.crm.product.create_vendor -->
