<?xml version="1.0" encoding="UTF-8"?>
<!-- Generated by org.testng.reporters.JUnitReportReporter -->
<testsuite hostname="MSI" failures="0" tests="1" name="com.comcast.crm.basetest.baseclass" time="3.686" errors="0" timestamp="2025-06-05T12:57:40 IST" skipped="0">
  <testcase classname="com.comcast.crm.basetest.baseclass" name="configBC" time="3.686"/>
  <system-out/>
</testsuite> <!-- com.comcast.crm.basetest.baseclass -->
