<?xml version="1.0" encoding="UTF-8"?>
<!-- Generated by org.testng.reporters.JUnitReportReporter -->
<testsuite hostname="MSI" failures="0" tests="1" name="com.comcast.crm.generic.webdriverutility.javautility" time="0.023" errors="0" timestamp="2025-05-30T15:38:25 IST" skipped="0">
  <testcase classname="com.comcast.crm.generic.webdriverutility.javautility" name="getdate" time="0.023"/>
  <system-out/>
</testsuite> <!-- com.comcast.crm.generic.webdriverutility.javautility -->
