<?xml version="1.0" encoding="UTF-8"?>
<!-- Generated by org.testng.reporters.JUnitReportReporter -->
<testsuite hostname="MSI" failures="0" tests="1" name="com.comcast.crm.orgtest.Create_Org_With_Type_And_IndustryTest" time="18.898" errors="0" timestamp="2025-06-20T11:32:51 IST" skipped="0">
  <testcase classname="com.comcast.crm.orgtest.Create_Org_With_Type_And_IndustryTest" name="orgWithTypeAndIndustry" time="18.898"/>
  <system-out>
    <![CDATA[[ ACC22974 ] org_1838 - Organization Information]]>
  </system-out>
</testsuite> <!-- com.comcast.crm.orgtest.Create_Org_With_Type_And_IndustryTest -->
