<?xml version="1.0" encoding="UTF-8"?>
<!-- Generated by org.testng.reporters.JUnitReportReporter -->
<testsuite hostname="MSI" failures="0" tests="1" name="demotesting.readdatafromxml" time="0.011" errors="0" timestamp="2025-05-28T16:49:46 IST" skipped="0">
  <testcase classname="demotesting.readdatafromxml" name="sampletest" time="0.011"/>
  <system-out/>
</testsuite> <!-- demotesting.readdatafromxml -->
