<?xml version="1.0" encoding="UTF-8"?>
<!-- Generated by org.testng.reporters.JUnitReportReporter -->
<testsuite hostname="MSI" failures="0" tests="1" name="com.comcast.crm.orgtest.Create_Org_With_Type_And_IndustryTest" time="28.272" errors="0" timestamp="2025-06-25T15:43:38 IST" skipped="0">
  <testcase classname="com.comcast.crm.orgtest.Create_Org_With_Type_And_IndustryTest" name="orgWithTypeAndIndustry" time="28.272"/>
  <system-out>
    <![CDATA[[ ACC23869 ] org_2180 - Organization Information]]>
  </system-out>
</testsuite> <!-- com.comcast.crm.orgtest.Create_Org_With_Type_And_IndustryTest -->
