<?xml version="1.0" encoding="UTF-8"?>
<!-- Generated by org.testng.reporters.JUnitReportReporter -->
<testsuite hostname="MSI" failures="0" tests="1" name="com.comcast.crm.orgtest.Create_OrganizationTest" time="36.451" errors="0" timestamp="2025-07-04T15:52:48 IST" skipped="0">
  <testcase classname="com.comcast.crm.orgtest.Create_OrganizationTest" name="creatorg" time="36.451"/>
  <system-out/>
</testsuite> <!-- com.comcast.crm.orgtest.Create_OrganizationTest -->
