<?xml version="1.0" encoding="UTF-8"?>
<!-- Generated by org.testng.reporters.JUnitReportReporter -->
<testsuite hostname="MSI" failures="0" tests="1" name="com.comcast.crm.product.createProduct" time="19.444" errors="0" timestamp="2025-06-17T16:22:38 IST" skipped="0">
  <testcase classname="com.comcast.crm.product.createProduct" name="createproduct" time="19.444"/>
  <system-out/>
</testsuite> <!-- com.comcast.crm.product.createProduct -->
