<?xml version="1.0" encoding="UTF-8"?>
<!-- Generated by org.testng.reporters.JUnitReportReporter -->
<testsuite hostname="MSI" failures="0" tests="1" name="com.comcast.crm.orgtest.Create_Org_With_PhonenumberTest" time="23.112" errors="0" timestamp="2025-07-04T15:52:48 IST" skipped="0">
  <testcase classname="com.comcast.crm.orgtest.Create_Org_With_PhonenumberTest" name="orgWithPhonenumber" time="23.112"/>
  <system-out/>
</testsuite> <!-- com.comcast.crm.orgtest.Create_Org_With_PhonenumberTest -->
