<?xml version="1.0" encoding="UTF-8"?>
<!-- Generated by org.testng.reporters.JUnitReportReporter -->
<testsuite hostname="MSI" failures="0" tests="1" name="com.comcast.crm.orgtest.Create_Org_With_Type_And_IndustryTest" time="51.934" errors="0" timestamp="2025-07-03T17:58:06 IST" skipped="0">
  <testcase classname="com.comcast.crm.orgtest.Create_Org_With_Type_And_IndustryTest" name="orgWithTypeAndIndustry" time="51.934"/>
  <system-out>
    <![CDATA[[ ACC26557 ] org_8851 - Organization Information]]>
  </system-out>
</testsuite> <!-- com.comcast.crm.orgtest.Create_Org_With_Type_And_IndustryTest -->
