<?xml version="1.0" encoding="UTF-8"?>
<!-- Generated by org.testng.reporters.JUnitReportReporter -->
<testsuite hostname="MSI" failures="0" tests="1" name="com.comcast.crm.contacttest.create_contect_with_date_and_verify_org" time="14.763" errors="0" timestamp="2025-06-17T12:38:08 IST" skipped="0">
  <testcase classname="com.comcast.crm.contacttest.create_contect_with_date_and_verify_org" name="contactWithDate" time="14.763"/>
  <system-out>
    <![CDATA[[ CON12917 ] AKASH_8343 - Contact Information]]>
  </system-out>
</testsuite> <!-- com.comcast.crm.contacttest.create_contect_with_date_and_verify_org -->
