<?xml version="1.0" encoding="UTF-8"?>
<!-- Generated by org.testng.reporters.JUnitReportReporter -->
<testsuite hostname="MSI" failures="0" tests="1" name="demotesting.extentreport" time="6.489" errors="0" timestamp="2025-06-10T15:29:28 IST" skipped="0">
  <testcase classname="demotesting.extentreport" name="createcontact" time="6.489"/>
  <system-out/>
</testsuite> <!-- demotesting.extentreport -->
