<?xml version="1.0" encoding="UTF-8"?>
<!-- Generated by org.testng.reporters.JUnitReportReporter -->
<testsuite hostname="MSI" failures="0" tests="5" name="com.comcast.crm.testng.test.createOrganizationTest" time="11.471" errors="0" timestamp="2025-06-05T14:48:35 IST" skipped="0">
  <testcase classname="com.comcast.crm.testng.test.createOrganizationTest" name="createphonenumber" time="0.125"/>
  <system-out/>
  <testcase classname="com.comcast.crm.testng.test.createOrganizationTest" name="verification" time="2.996"/>
  <system-out/>
  <testcase classname="com.comcast.crm.testng.test.createOrganizationTest" name="login" time="4.217"/>
  <system-out/>
  <testcase classname="com.comcast.crm.testng.test.createOrganizationTest" name="createOrg" time="3.269"/>
  <system-out/>
  <testcase classname="com.comcast.crm.testng.test.createOrganizationTest" name="createTypeIndustry" time="0.864"/>
  <system-out/>
</testsuite> <!-- com.comcast.crm.testng.test.createOrganizationTest -->
