<?xml version="1.0" encoding="UTF-8"?>
<!-- Generated by org.testng.reporters.JUnitReportReporter -->
<testsuite hostname="MSI" failures="0" tests="1" name="com.comcast.crm.contacttest.Create_Contect_With_DateTest" time="18.112" errors="0" timestamp="2025-07-04T15:52:48 IST" skipped="0">
  <testcase classname="com.comcast.crm.contacttest.Create_Contect_With_DateTest" name="createContact" time="18.112"/>
  <system-out>
    <![CDATA[[ CON15616 ] AKASH_2313 - Contact Information]]>
  </system-out>
</testsuite> <!-- com.comcast.crm.contacttest.Create_Contect_With_DateTest -->
