<?xml version="1.0" encoding="UTF-8"?>
<!-- Generated by org.testng.reporters.JUnitReportReporter -->
<testsuite hostname="MSI" failures="0" tests="4" name="com.comcast.crm.orgtest.create_organization" time="51.013" errors="0" timestamp="2025-06-13T16:22:12 IST" skipped="0">
  <testcase classname="com.comcast.crm.orgtest.create_organization" name="creatorg" time="10.405"/>
  <system-out/>
  <testcase classname="com.comcast.crm.orgtest.create_organization" name="createOrganizationWithIndustyryAndType" time="13.014"/>
  <system-out>
    <![CDATA[[ ACC21946 ] org_7999 - Organization Information]]>
  </system-out>
  <testcase classname="com.comcast.crm.orgtest.create_organization" name="createOrganizationWithPhoneNumber" time="11.921"/>
  <system-out>
    <![CDATA[[ ACC21947 ] org_2395 - Organization Information]]>
  </system-out>
  <testcase classname="com.comcast.crm.orgtest.create_organization" name="createOrganizationAndDelete" time="15.673"/>
  <system-out>
    <![CDATA[[ ACC21944 ] org_6013 - Organization Information]]>
  </system-out>
</testsuite> <!-- com.comcast.crm.orgtest.create_organization -->
