<?xml version="1.0" encoding="UTF-8"?>
<!-- Generated by org.testng.reporters.JUnitReportReporter -->
<testsuite hostname="MSI" failures="0" tests="1" name="demotesting.working_with_xmlfile" time="24.478" errors="0" timestamp="2025-06-18T12:52:57 IST" skipped="0">
  <testcase classname="demotesting.working_with_xmlfile" name="simpletest" time="24.478"/>
  <system-out/>
</testsuite> <!-- demotesting.working_with_xmlfile -->
